Performing C SOURCE FILE Test HAVE_GCC_WDOCUMENTATION failed with the following output:
Change Dir: /home/aidanmyles/Desktop/SDL_FileManager/build/CMakeFiles/CMakeTmp

Run Build Command(s):/usr/bin/gmake -f Makefile cmTC_de690/fast && /usr/bin/gmake  -f CMakeFiles/cmTC_de690.dir/build.make CMakeFiles/cmTC_de690.dir/build
gmake[1]: Entering directory '/home/aidanmyles/Desktop/SDL_FileManager/build/CMakeFiles/CMakeTmp'
Building C object CMakeFiles/cmTC_de690.dir/src.c.o
/usr/bin/cc -DHAVE_GCC_WDOCUMENTATION  -D_GNU_SOURCE=1   -Wdocumentation -o CMakeFiles/cmTC_de690.dir/src.c.o -c /home/aidanmyles/Desktop/SDL_FileManager/build/CMakeFiles/CMakeTmp/src.c
cc: error: unrecognized command-line option '-Wdocumentation'
gmake[1]: *** [CMakeFiles/cmTC_de690.dir/build.make:78: CMakeFiles/cmTC_de690.dir/src.c.o] Error 1
gmake[1]: Leaving directory '/home/aidanmyles/Desktop/SDL_FileManager/build/CMakeFiles/CMakeTmp'
gmake: *** [Makefile:127: cmTC_de690/fast] Error 2


Source file was:
int main(void) { return 0; }
Performing C SOURCE FILE Test HAVE_GCC_WDOCUMENTATION_UNKNOWN_COMMAND failed with the following output:
Change Dir: /home/aidanmyles/Desktop/SDL_FileManager/build/CMakeFiles/CMakeTmp

Run Build Command(s):/usr/bin/gmake -f Makefile cmTC_2432b/fast && /usr/bin/gmake  -f CMakeFiles/cmTC_2432b.dir/build.make CMakeFiles/cmTC_2432b.dir/build
gmake[1]: Entering directory '/home/aidanmyles/Desktop/SDL_FileManager/build/CMakeFiles/CMakeTmp'
Building C object CMakeFiles/cmTC_2432b.dir/src.c.o
/usr/bin/cc -DHAVE_GCC_WDOCUMENTATION_UNKNOWN_COMMAND  -D_GNU_SOURCE=1   -Wdocumentation-unknown-command -o CMakeFiles/cmTC_2432b.dir/src.c.o -c /home/aidanmyles/Desktop/SDL_FileManager/build/CMakeFiles/CMakeTmp/src.c
cc: error: unrecognized command-line option '-Wdocumentation-unknown-command'
gmake[1]: *** [CMakeFiles/cmTC_2432b.dir/build.make:78: CMakeFiles/cmTC_2432b.dir/src.c.o] Error 1
gmake[1]: Leaving directory '/home/aidanmyles/Desktop/SDL_FileManager/build/CMakeFiles/CMakeTmp'
gmake: *** [Makefile:127: cmTC_2432b/fast] Error 2


Source file was:
int main(void) { return 0; }
Performing C SOURCE FILE Test HAVE_GCC_COMMENT_BLOCK_COMMANDS failed with the following output:
Change Dir: /home/aidanmyles/Desktop/SDL_FileManager/build/CMakeFiles/CMakeTmp

Run Build Command(s):/usr/bin/gmake -f Makefile cmTC_2506f/fast && /usr/bin/gmake  -f CMakeFiles/cmTC_2506f.dir/build.make CMakeFiles/cmTC_2506f.dir/build
gmake[1]: Entering directory '/home/aidanmyles/Desktop/SDL_FileManager/build/CMakeFiles/CMakeTmp'
Building C object CMakeFiles/cmTC_2506f.dir/src.c.o
/usr/bin/cc -DHAVE_GCC_COMMENT_BLOCK_COMMANDS  -D_GNU_SOURCE=1   -fcomment-block-commands=threadsafety -o CMakeFiles/cmTC_2506f.dir/src.c.o -c /home/aidanmyles/Desktop/SDL_FileManager/build/CMakeFiles/CMakeTmp/src.c
cc: error: unrecognized command-line option '-fcomment-block-commands=threadsafety'
gmake[1]: *** [CMakeFiles/cmTC_2506f.dir/build.make:78: CMakeFiles/cmTC_2506f.dir/src.c.o] Error 1
gmake[1]: Leaving directory '/home/aidanmyles/Desktop/SDL_FileManager/build/CMakeFiles/CMakeTmp'
gmake: *** [Makefile:127: cmTC_2506f/fast] Error 2


Source file was:
int main(void) { return 0; }
Performing C SOURCE FILE Test HAVE_CLANG_COMMENT_BLOCK_COMMANDS failed with the following output:
Change Dir: /home/aidanmyles/Desktop/SDL_FileManager/build/CMakeFiles/CMakeTmp

Run Build Command(s):/usr/bin/gmake -f Makefile cmTC_75725/fast && /usr/bin/gmake  -f CMakeFiles/cmTC_75725.dir/build.make CMakeFiles/cmTC_75725.dir/build
gmake[1]: Entering directory '/home/aidanmyles/Desktop/SDL_FileManager/build/CMakeFiles/CMakeTmp'
Building C object CMakeFiles/cmTC_75725.dir/src.c.o
/usr/bin/cc -DHAVE_CLANG_COMMENT_BLOCK_COMMANDS  -D_GNU_SOURCE=1   /clang:-fcomment-block-commands=threadsafety -o CMakeFiles/cmTC_75725.dir/src.c.o -c /home/aidanmyles/Desktop/SDL_FileManager/build/CMakeFiles/CMakeTmp/src.c
cc: warning: /clang:-fcomment-block-commands=threadsafety: linker input file unused because linking not done
cc: error: /clang:-fcomment-block-commands=threadsafety: linker input file not found: No such file or directory
gmake[1]: *** [CMakeFiles/cmTC_75725.dir/build.make:78: CMakeFiles/cmTC_75725.dir/src.c.o] Error 1
gmake[1]: *** Deleting file 'CMakeFiles/cmTC_75725.dir/src.c.o'
gmake[1]: Leaving directory '/home/aidanmyles/Desktop/SDL_FileManager/build/CMakeFiles/CMakeTmp'
gmake: *** [Makefile:127: cmTC_75725/fast] Error 2


Source file was:
int main(void) { return 0; }
Determining if the _i64toa exist failed with the following output:
Change Dir: /home/aidanmyles/Desktop/SDL_FileManager/build/CMakeFiles/CMakeTmp

Run Build Command(s):/usr/bin/gmake -f Makefile cmTC_8d81f/fast && /usr/bin/gmake  -f CMakeFiles/cmTC_8d81f.dir/build.make CMakeFiles/cmTC_8d81f.dir/build
gmake[1]: Entering directory '/home/aidanmyles/Desktop/SDL_FileManager/build/CMakeFiles/CMakeTmp'
Building C object CMakeFiles/cmTC_8d81f.dir/CheckSymbolExists.c.o
/usr/bin/cc   -D_GNU_SOURCE=1 -o CMakeFiles/cmTC_8d81f.dir/CheckSymbolExists.c.o -c /home/aidanmyles/Desktop/SDL_FileManager/build/CMakeFiles/CMakeTmp/CheckSymbolExists.c
/home/aidanmyles/Desktop/SDL_FileManager/build/CMakeFiles/CMakeTmp/CheckSymbolExists.c: In function ‘main’:
/home/aidanmyles/Desktop/SDL_FileManager/build/CMakeFiles/CMakeTmp/CheckSymbolExists.c:26:19: error: ‘_i64toa’ undeclared (first use in this function)
   26 |   return ((int*)(&_i64toa))[argc];
      |                   ^~~~~~~
/home/aidanmyles/Desktop/SDL_FileManager/build/CMakeFiles/CMakeTmp/CheckSymbolExists.c:26:19: note: each undeclared identifier is reported only once for each function it appears in
gmake[1]: *** [CMakeFiles/cmTC_8d81f.dir/build.make:78: CMakeFiles/cmTC_8d81f.dir/CheckSymbolExists.c.o] Error 1
gmake[1]: Leaving directory '/home/aidanmyles/Desktop/SDL_FileManager/build/CMakeFiles/CMakeTmp'
gmake: *** [Makefile:127: cmTC_8d81f/fast] Error 2


File /home/aidanmyles/Desktop/SDL_FileManager/build/CMakeFiles/CMakeTmp/CheckSymbolExists.c:
/* */
#include <float.h>
#include <iconv.h>
#include <inttypes.h>
#include <limits.h>
#include <malloc.h>
#include <math.h>
#include <memory.h>
#include <signal.h>
#include <stdarg.h>
#include <stdbool.h>
#include <stddef.h>
#include <stdint.h>
#include <stdio.h>
#include <stdlib.h>
#include <string.h>
#include <strings.h>
#include <sys/types.h>
#include <time.h>
#include <wchar.h>

int main(int argc, char** argv)
{
  (void)argv;
#ifndef _i64toa
  return ((int*)(&_i64toa))[argc];
#else
  (void)argc;
  return 0;
#endif
}
Determining if the itoa exist failed with the following output:
Change Dir: /home/aidanmyles/Desktop/SDL_FileManager/build/CMakeFiles/CMakeTmp

Run Build Command(s):/usr/bin/gmake -f Makefile cmTC_fce5e/fast && /usr/bin/gmake  -f CMakeFiles/cmTC_fce5e.dir/build.make CMakeFiles/cmTC_fce5e.dir/build
gmake[1]: Entering directory '/home/aidanmyles/Desktop/SDL_FileManager/build/CMakeFiles/CMakeTmp'
Building C object CMakeFiles/cmTC_fce5e.dir/CheckSymbolExists.c.o
/usr/bin/cc   -D_GNU_SOURCE=1 -o CMakeFiles/cmTC_fce5e.dir/CheckSymbolExists.c.o -c /home/aidanmyles/Desktop/SDL_FileManager/build/CMakeFiles/CMakeTmp/CheckSymbolExists.c
/home/aidanmyles/Desktop/SDL_FileManager/build/CMakeFiles/CMakeTmp/CheckSymbolExists.c: In function ‘main’:
/home/aidanmyles/Desktop/SDL_FileManager/build/CMakeFiles/CMakeTmp/CheckSymbolExists.c:26:19: error: ‘itoa’ undeclared (first use in this function)
   26 |   return ((int*)(&itoa))[argc];
      |                   ^~~~
/home/aidanmyles/Desktop/SDL_FileManager/build/CMakeFiles/CMakeTmp/CheckSymbolExists.c:26:19: note: each undeclared identifier is reported only once for each function it appears in
gmake[1]: *** [CMakeFiles/cmTC_fce5e.dir/build.make:78: CMakeFiles/cmTC_fce5e.dir/CheckSymbolExists.c.o] Error 1
gmake[1]: Leaving directory '/home/aidanmyles/Desktop/SDL_FileManager/build/CMakeFiles/CMakeTmp'
gmake: *** [Makefile:127: cmTC_fce5e/fast] Error 2


File /home/aidanmyles/Desktop/SDL_FileManager/build/CMakeFiles/CMakeTmp/CheckSymbolExists.c:
/* */
#include <float.h>
#include <iconv.h>
#include <inttypes.h>
#include <limits.h>
#include <malloc.h>
#include <math.h>
#include <memory.h>
#include <signal.h>
#include <stdarg.h>
#include <stdbool.h>
#include <stddef.h>
#include <stdint.h>
#include <stdio.h>
#include <stdlib.h>
#include <string.h>
#include <strings.h>
#include <sys/types.h>
#include <time.h>
#include <wchar.h>

int main(int argc, char** argv)
{
  (void)argv;
#ifndef itoa
  return ((int*)(&itoa))[argc];
#else
  (void)argc;
  return 0;
#endif
}
Determining if the _ltoa exist failed with the following output:
Change Dir: /home/aidanmyles/Desktop/SDL_FileManager/build/CMakeFiles/CMakeTmp

Run Build Command(s):/usr/bin/gmake -f Makefile cmTC_8c9c7/fast && /usr/bin/gmake  -f CMakeFiles/cmTC_8c9c7.dir/build.make CMakeFiles/cmTC_8c9c7.dir/build
gmake[1]: Entering directory '/home/aidanmyles/Desktop/SDL_FileManager/build/CMakeFiles/CMakeTmp'
Building C object CMakeFiles/cmTC_8c9c7.dir/CheckSymbolExists.c.o
/usr/bin/cc   -D_GNU_SOURCE=1 -o CMakeFiles/cmTC_8c9c7.dir/CheckSymbolExists.c.o -c /home/aidanmyles/Desktop/SDL_FileManager/build/CMakeFiles/CMakeTmp/CheckSymbolExists.c
/home/aidanmyles/Desktop/SDL_FileManager/build/CMakeFiles/CMakeTmp/CheckSymbolExists.c: In function ‘main’:
/home/aidanmyles/Desktop/SDL_FileManager/build/CMakeFiles/CMakeTmp/CheckSymbolExists.c:26:19: error: ‘_ltoa’ undeclared (first use in this function)
   26 |   return ((int*)(&_ltoa))[argc];
      |                   ^~~~~
/home/aidanmyles/Desktop/SDL_FileManager/build/CMakeFiles/CMakeTmp/CheckSymbolExists.c:26:19: note: each undeclared identifier is reported only once for each function it appears in
gmake[1]: *** [CMakeFiles/cmTC_8c9c7.dir/build.make:78: CMakeFiles/cmTC_8c9c7.dir/CheckSymbolExists.c.o] Error 1
gmake[1]: Leaving directory '/home/aidanmyles/Desktop/SDL_FileManager/build/CMakeFiles/CMakeTmp'
gmake: *** [Makefile:127: cmTC_8c9c7/fast] Error 2


File /home/aidanmyles/Desktop/SDL_FileManager/build/CMakeFiles/CMakeTmp/CheckSymbolExists.c:
/* */
#include <float.h>
#include <iconv.h>
#include <inttypes.h>
#include <limits.h>
#include <malloc.h>
#include <math.h>
#include <memory.h>
#include <signal.h>
#include <stdarg.h>
#include <stdbool.h>
#include <stddef.h>
#include <stdint.h>
#include <stdio.h>
#include <stdlib.h>
#include <string.h>
#include <strings.h>
#include <sys/types.h>
#include <time.h>
#include <wchar.h>

int main(int argc, char** argv)
{
  (void)argv;
#ifndef _ltoa
  return ((int*)(&_ltoa))[argc];
#else
  (void)argc;
  return 0;
#endif
}
Determining if the sqr exist failed with the following output:
Change Dir: /home/aidanmyles/Desktop/SDL_FileManager/build/CMakeFiles/CMakeTmp

Run Build Command(s):/usr/bin/gmake -f Makefile cmTC_827f2/fast && /usr/bin/gmake  -f CMakeFiles/cmTC_827f2.dir/build.make CMakeFiles/cmTC_827f2.dir/build
gmake[1]: Entering directory '/home/aidanmyles/Desktop/SDL_FileManager/build/CMakeFiles/CMakeTmp'
Building C object CMakeFiles/cmTC_827f2.dir/CheckSymbolExists.c.o
/usr/bin/cc   -D_GNU_SOURCE=1 -o CMakeFiles/cmTC_827f2.dir/CheckSymbolExists.c.o -c /home/aidanmyles/Desktop/SDL_FileManager/build/CMakeFiles/CMakeTmp/CheckSymbolExists.c
/home/aidanmyles/Desktop/SDL_FileManager/build/CMakeFiles/CMakeTmp/CheckSymbolExists.c: In function ‘main’:
/home/aidanmyles/Desktop/SDL_FileManager/build/CMakeFiles/CMakeTmp/CheckSymbolExists.c:26:19: error: ‘sqr’ undeclared (first use in this function); did you mean ‘sqrt’?
   26 |   return ((int*)(&sqr))[argc];
      |                   ^~~
      |                   sqrt
/home/aidanmyles/Desktop/SDL_FileManager/build/CMakeFiles/CMakeTmp/CheckSymbolExists.c:26:19: note: each undeclared identifier is reported only once for each function it appears in
gmake[1]: *** [CMakeFiles/cmTC_827f2.dir/build.make:78: CMakeFiles/cmTC_827f2.dir/CheckSymbolExists.c.o] Error 1
gmake[1]: Leaving directory '/home/aidanmyles/Desktop/SDL_FileManager/build/CMakeFiles/CMakeTmp'
gmake: *** [Makefile:127: cmTC_827f2/fast] Error 2


File /home/aidanmyles/Desktop/SDL_FileManager/build/CMakeFiles/CMakeTmp/CheckSymbolExists.c:
/* */
#include <float.h>
#include <iconv.h>
#include <inttypes.h>
#include <limits.h>
#include <malloc.h>
#include <math.h>
#include <memory.h>
#include <signal.h>
#include <stdarg.h>
#include <stdbool.h>
#include <stddef.h>
#include <stdint.h>
#include <stdio.h>
#include <stdlib.h>
#include <string.h>
#include <strings.h>
#include <sys/types.h>
#include <time.h>
#include <wchar.h>

int main(int argc, char** argv)
{
  (void)argv;
#ifndef sqr
  return ((int*)(&sqr))[argc];
#else
  (void)argc;
  return 0;
#endif
}
Determining if the strlcat exist failed with the following output:
Change Dir: /home/aidanmyles/Desktop/SDL_FileManager/build/CMakeFiles/CMakeTmp

Run Build Command(s):/usr/bin/gmake -f Makefile cmTC_9bf7f/fast && /usr/bin/gmake  -f CMakeFiles/cmTC_9bf7f.dir/build.make CMakeFiles/cmTC_9bf7f.dir/build
gmake[1]: Entering directory '/home/aidanmyles/Desktop/SDL_FileManager/build/CMakeFiles/CMakeTmp'
Building C object CMakeFiles/cmTC_9bf7f.dir/CheckSymbolExists.c.o
/usr/bin/cc   -D_GNU_SOURCE=1 -o CMakeFiles/cmTC_9bf7f.dir/CheckSymbolExists.c.o -c /home/aidanmyles/Desktop/SDL_FileManager/build/CMakeFiles/CMakeTmp/CheckSymbolExists.c
/home/aidanmyles/Desktop/SDL_FileManager/build/CMakeFiles/CMakeTmp/CheckSymbolExists.c: In function ‘main’:
/home/aidanmyles/Desktop/SDL_FileManager/build/CMakeFiles/CMakeTmp/CheckSymbolExists.c:26:19: error: ‘strlcat’ undeclared (first use in this function); did you mean ‘strncat’?
   26 |   return ((int*)(&strlcat))[argc];
      |                   ^~~~~~~
      |                   strncat
/home/aidanmyles/Desktop/SDL_FileManager/build/CMakeFiles/CMakeTmp/CheckSymbolExists.c:26:19: note: each undeclared identifier is reported only once for each function it appears in
gmake[1]: *** [CMakeFiles/cmTC_9bf7f.dir/build.make:78: CMakeFiles/cmTC_9bf7f.dir/CheckSymbolExists.c.o] Error 1
gmake[1]: Leaving directory '/home/aidanmyles/Desktop/SDL_FileManager/build/CMakeFiles/CMakeTmp'
gmake: *** [Makefile:127: cmTC_9bf7f/fast] Error 2


File /home/aidanmyles/Desktop/SDL_FileManager/build/CMakeFiles/CMakeTmp/CheckSymbolExists.c:
/* */
#include <float.h>
#include <iconv.h>
#include <inttypes.h>
#include <limits.h>
#include <malloc.h>
#include <math.h>
#include <memory.h>
#include <signal.h>
#include <stdarg.h>
#include <stdbool.h>
#include <stddef.h>
#include <stdint.h>
#include <stdio.h>
#include <stdlib.h>
#include <string.h>
#include <strings.h>
#include <sys/types.h>
#include <time.h>
#include <wchar.h>

int main(int argc, char** argv)
{
  (void)argv;
#ifndef strlcat
  return ((int*)(&strlcat))[argc];
#else
  (void)argc;
  return 0;
#endif
}
Determining if the strlcpy exist failed with the following output:
Change Dir: /home/aidanmyles/Desktop/SDL_FileManager/build/CMakeFiles/CMakeTmp

Run Build Command(s):/usr/bin/gmake -f Makefile cmTC_49eea/fast && /usr/bin/gmake  -f CMakeFiles/cmTC_49eea.dir/build.make CMakeFiles/cmTC_49eea.dir/build
gmake[1]: Entering directory '/home/aidanmyles/Desktop/SDL_FileManager/build/CMakeFiles/CMakeTmp'
Building C object CMakeFiles/cmTC_49eea.dir/CheckSymbolExists.c.o
/usr/bin/cc   -D_GNU_SOURCE=1 -o CMakeFiles/cmTC_49eea.dir/CheckSymbolExists.c.o -c /home/aidanmyles/Desktop/SDL_FileManager/build/CMakeFiles/CMakeTmp/CheckSymbolExists.c
/home/aidanmyles/Desktop/SDL_FileManager/build/CMakeFiles/CMakeTmp/CheckSymbolExists.c: In function ‘main’:
/home/aidanmyles/Desktop/SDL_FileManager/build/CMakeFiles/CMakeTmp/CheckSymbolExists.c:26:19: error: ‘strlcpy’ undeclared (first use in this function); did you mean ‘strncpy’?
   26 |   return ((int*)(&strlcpy))[argc];
      |                   ^~~~~~~
      |                   strncpy
/home/aidanmyles/Desktop/SDL_FileManager/build/CMakeFiles/CMakeTmp/CheckSymbolExists.c:26:19: note: each undeclared identifier is reported only once for each function it appears in
gmake[1]: *** [CMakeFiles/cmTC_49eea.dir/build.make:78: CMakeFiles/cmTC_49eea.dir/CheckSymbolExists.c.o] Error 1
gmake[1]: Leaving directory '/home/aidanmyles/Desktop/SDL_FileManager/build/CMakeFiles/CMakeTmp'
gmake: *** [Makefile:127: cmTC_49eea/fast] Error 2


File /home/aidanmyles/Desktop/SDL_FileManager/build/CMakeFiles/CMakeTmp/CheckSymbolExists.c:
/* */
#include <float.h>
#include <iconv.h>
#include <inttypes.h>
#include <limits.h>
#include <malloc.h>
#include <math.h>
#include <memory.h>
#include <signal.h>
#include <stdarg.h>
#include <stdbool.h>
#include <stddef.h>
#include <stdint.h>
#include <stdio.h>
#include <stdlib.h>
#include <string.h>
#include <strings.h>
#include <sys/types.h>
#include <time.h>
#include <wchar.h>

int main(int argc, char** argv)
{
  (void)argv;
#ifndef strlcpy
  return ((int*)(&strlcpy))[argc];
#else
  (void)argc;
  return 0;
#endif
}
Determining if the strnstr exist failed with the following output:
Change Dir: /home/aidanmyles/Desktop/SDL_FileManager/build/CMakeFiles/CMakeTmp

Run Build Command(s):/usr/bin/gmake -f Makefile cmTC_17a96/fast && /usr/bin/gmake  -f CMakeFiles/cmTC_17a96.dir/build.make CMakeFiles/cmTC_17a96.dir/build
gmake[1]: Entering directory '/home/aidanmyles/Desktop/SDL_FileManager/build/CMakeFiles/CMakeTmp'
Building C object CMakeFiles/cmTC_17a96.dir/CheckSymbolExists.c.o
/usr/bin/cc   -D_GNU_SOURCE=1 -o CMakeFiles/cmTC_17a96.dir/CheckSymbolExists.c.o -c /home/aidanmyles/Desktop/SDL_FileManager/build/CMakeFiles/CMakeTmp/CheckSymbolExists.c
/home/aidanmyles/Desktop/SDL_FileManager/build/CMakeFiles/CMakeTmp/CheckSymbolExists.c: In function ‘main’:
/home/aidanmyles/Desktop/SDL_FileManager/build/CMakeFiles/CMakeTmp/CheckSymbolExists.c:26:19: error: ‘strnstr’ undeclared (first use in this function); did you mean ‘strstr’?
   26 |   return ((int*)(&strnstr))[argc];
      |                   ^~~~~~~
      |                   strstr
/home/aidanmyles/Desktop/SDL_FileManager/build/CMakeFiles/CMakeTmp/CheckSymbolExists.c:26:19: note: each undeclared identifier is reported only once for each function it appears in
gmake[1]: *** [CMakeFiles/cmTC_17a96.dir/build.make:78: CMakeFiles/cmTC_17a96.dir/CheckSymbolExists.c.o] Error 1
gmake[1]: Leaving directory '/home/aidanmyles/Desktop/SDL_FileManager/build/CMakeFiles/CMakeTmp'
gmake: *** [Makefile:127: cmTC_17a96/fast] Error 2


File /home/aidanmyles/Desktop/SDL_FileManager/build/CMakeFiles/CMakeTmp/CheckSymbolExists.c:
/* */
#include <float.h>
#include <iconv.h>
#include <inttypes.h>
#include <limits.h>
#include <malloc.h>
#include <math.h>
#include <memory.h>
#include <signal.h>
#include <stdarg.h>
#include <stdbool.h>
#include <stddef.h>
#include <stdint.h>
#include <stdio.h>
#include <stdlib.h>
#include <string.h>
#include <strings.h>
#include <sys/types.h>
#include <time.h>
#include <wchar.h>

int main(int argc, char** argv)
{
  (void)argv;
#ifndef strnstr
  return ((int*)(&strnstr))[argc];
#else
  (void)argc;
  return 0;
#endif
}
Determining if the wcslcat exist failed with the following output:
Change Dir: /home/aidanmyles/Desktop/SDL_FileManager/build/CMakeFiles/CMakeTmp

Run Build Command(s):/usr/bin/gmake -f Makefile cmTC_a8567/fast && /usr/bin/gmake  -f CMakeFiles/cmTC_a8567.dir/build.make CMakeFiles/cmTC_a8567.dir/build
gmake[1]: Entering directory '/home/aidanmyles/Desktop/SDL_FileManager/build/CMakeFiles/CMakeTmp'
Building C object CMakeFiles/cmTC_a8567.dir/CheckSymbolExists.c.o
/usr/bin/cc   -D_GNU_SOURCE=1 -o CMakeFiles/cmTC_a8567.dir/CheckSymbolExists.c.o -c /home/aidanmyles/Desktop/SDL_FileManager/build/CMakeFiles/CMakeTmp/CheckSymbolExists.c
/home/aidanmyles/Desktop/SDL_FileManager/build/CMakeFiles/CMakeTmp/CheckSymbolExists.c: In function ‘main’:
/home/aidanmyles/Desktop/SDL_FileManager/build/CMakeFiles/CMakeTmp/CheckSymbolExists.c:26:19: error: ‘wcslcat’ undeclared (first use in this function); did you mean ‘wcsncat’?
   26 |   return ((int*)(&wcslcat))[argc];
      |                   ^~~~~~~
      |                   wcsncat
/home/aidanmyles/Desktop/SDL_FileManager/build/CMakeFiles/CMakeTmp/CheckSymbolExists.c:26:19: note: each undeclared identifier is reported only once for each function it appears in
gmake[1]: *** [CMakeFiles/cmTC_a8567.dir/build.make:78: CMakeFiles/cmTC_a8567.dir/CheckSymbolExists.c.o] Error 1
gmake[1]: Leaving directory '/home/aidanmyles/Desktop/SDL_FileManager/build/CMakeFiles/CMakeTmp'
gmake: *** [Makefile:127: cmTC_a8567/fast] Error 2


File /home/aidanmyles/Desktop/SDL_FileManager/build/CMakeFiles/CMakeTmp/CheckSymbolExists.c:
/* */
#include <float.h>
#include <iconv.h>
#include <inttypes.h>
#include <limits.h>
#include <malloc.h>
#include <math.h>
#include <memory.h>
#include <signal.h>
#include <stdarg.h>
#include <stdbool.h>
#include <stddef.h>
#include <stdint.h>
#include <stdio.h>
#include <stdlib.h>
#include <string.h>
#include <strings.h>
#include <sys/types.h>
#include <time.h>
#include <wchar.h>

int main(int argc, char** argv)
{
  (void)argv;
#ifndef wcslcat
  return ((int*)(&wcslcat))[argc];
#else
  (void)argc;
  return 0;
#endif
}
Determining if the wcslcpy exist failed with the following output:
Change Dir: /home/aidanmyles/Desktop/SDL_FileManager/build/CMakeFiles/CMakeTmp

Run Build Command(s):/usr/bin/gmake -f Makefile cmTC_b5bdb/fast && /usr/bin/gmake  -f CMakeFiles/cmTC_b5bdb.dir/build.make CMakeFiles/cmTC_b5bdb.dir/build
gmake[1]: Entering directory '/home/aidanmyles/Desktop/SDL_FileManager/build/CMakeFiles/CMakeTmp'
Building C object CMakeFiles/cmTC_b5bdb.dir/CheckSymbolExists.c.o
/usr/bin/cc   -D_GNU_SOURCE=1 -o CMakeFiles/cmTC_b5bdb.dir/CheckSymbolExists.c.o -c /home/aidanmyles/Desktop/SDL_FileManager/build/CMakeFiles/CMakeTmp/CheckSymbolExists.c
/home/aidanmyles/Desktop/SDL_FileManager/build/CMakeFiles/CMakeTmp/CheckSymbolExists.c: In function ‘main’:
/home/aidanmyles/Desktop/SDL_FileManager/build/CMakeFiles/CMakeTmp/CheckSymbolExists.c:26:19: error: ‘wcslcpy’ undeclared (first use in this function); did you mean ‘wcsncpy’?
   26 |   return ((int*)(&wcslcpy))[argc];
      |                   ^~~~~~~
      |                   wcsncpy
/home/aidanmyles/Desktop/SDL_FileManager/build/CMakeFiles/CMakeTmp/CheckSymbolExists.c:26:19: note: each undeclared identifier is reported only once for each function it appears in
gmake[1]: *** [CMakeFiles/cmTC_b5bdb.dir/build.make:78: CMakeFiles/cmTC_b5bdb.dir/CheckSymbolExists.c.o] Error 1
gmake[1]: Leaving directory '/home/aidanmyles/Desktop/SDL_FileManager/build/CMakeFiles/CMakeTmp'
gmake: *** [Makefile:127: cmTC_b5bdb/fast] Error 2


File /home/aidanmyles/Desktop/SDL_FileManager/build/CMakeFiles/CMakeTmp/CheckSymbolExists.c:
/* */
#include <float.h>
#include <iconv.h>
#include <inttypes.h>
#include <limits.h>
#include <malloc.h>
#include <math.h>
#include <memory.h>
#include <signal.h>
#include <stdarg.h>
#include <stdbool.h>
#include <stddef.h>
#include <stdint.h>
#include <stdio.h>
#include <stdlib.h>
#include <string.h>
#include <strings.h>
#include <sys/types.h>
#include <time.h>
#include <wchar.h>

int main(int argc, char** argv)
{
  (void)argv;
#ifndef wcslcpy
  return ((int*)(&wcslcpy))[argc];
#else
  (void)argc;
  return 0;
#endif
}
Determining if the sysctlbyname exist failed with the following output:
Change Dir: /home/aidanmyles/Desktop/SDL_FileManager/build/CMakeFiles/CMakeTmp

Run Build Command(s):/usr/bin/gmake -f Makefile cmTC_63438/fast && /usr/bin/gmake  -f CMakeFiles/cmTC_63438.dir/build.make CMakeFiles/cmTC_63438.dir/build
gmake[1]: Entering directory '/home/aidanmyles/Desktop/SDL_FileManager/build/CMakeFiles/CMakeTmp'
Building C object CMakeFiles/cmTC_63438.dir/CheckSymbolExists.c.o
/usr/bin/cc   -D_GNU_SOURCE=1 -o CMakeFiles/cmTC_63438.dir/CheckSymbolExists.c.o -c /home/aidanmyles/Desktop/SDL_FileManager/build/CMakeFiles/CMakeTmp/CheckSymbolExists.c
/home/aidanmyles/Desktop/SDL_FileManager/build/CMakeFiles/CMakeTmp/CheckSymbolExists.c:3:10: fatal error: sys/sysctl.h: No such file or directory
    3 | #include <sys/sysctl.h>
      |          ^~~~~~~~~~~~~~
compilation terminated.
gmake[1]: *** [CMakeFiles/cmTC_63438.dir/build.make:78: CMakeFiles/cmTC_63438.dir/CheckSymbolExists.c.o] Error 1
gmake[1]: Leaving directory '/home/aidanmyles/Desktop/SDL_FileManager/build/CMakeFiles/CMakeTmp'
gmake: *** [Makefile:127: cmTC_63438/fast] Error 2


File /home/aidanmyles/Desktop/SDL_FileManager/build/CMakeFiles/CMakeTmp/CheckSymbolExists.c:
/* */
#include <sys/types.h>
#include <sys/sysctl.h>

int main(int argc, char** argv)
{
  (void)argv;
#ifndef sysctlbyname
  return ((int*)(&sysctlbyname))[argc];
#else
  (void)argc;
  return 0;
#endif
}
Determining if the elf_aux_info exist failed with the following output:
Change Dir: /home/aidanmyles/Desktop/SDL_FileManager/build/CMakeFiles/CMakeTmp

Run Build Command(s):/usr/bin/gmake -f Makefile cmTC_821bf/fast && /usr/bin/gmake  -f CMakeFiles/cmTC_821bf.dir/build.make CMakeFiles/cmTC_821bf.dir/build
gmake[1]: Entering directory '/home/aidanmyles/Desktop/SDL_FileManager/build/CMakeFiles/CMakeTmp'
Building C object CMakeFiles/cmTC_821bf.dir/CheckSymbolExists.c.o
/usr/bin/cc   -D_GNU_SOURCE=1 -o CMakeFiles/cmTC_821bf.dir/CheckSymbolExists.c.o -c /home/aidanmyles/Desktop/SDL_FileManager/build/CMakeFiles/CMakeTmp/CheckSymbolExists.c
/home/aidanmyles/Desktop/SDL_FileManager/build/CMakeFiles/CMakeTmp/CheckSymbolExists.c: In function ‘main’:
/home/aidanmyles/Desktop/SDL_FileManager/build/CMakeFiles/CMakeTmp/CheckSymbolExists.c:8:19: error: ‘elf_aux_info’ undeclared (first use in this function)
    8 |   return ((int*)(&elf_aux_info))[argc];
      |                   ^~~~~~~~~~~~
/home/aidanmyles/Desktop/SDL_FileManager/build/CMakeFiles/CMakeTmp/CheckSymbolExists.c:8:19: note: each undeclared identifier is reported only once for each function it appears in
gmake[1]: *** [CMakeFiles/cmTC_821bf.dir/build.make:78: CMakeFiles/cmTC_821bf.dir/CheckSymbolExists.c.o] Error 1
gmake[1]: Leaving directory '/home/aidanmyles/Desktop/SDL_FileManager/build/CMakeFiles/CMakeTmp'
gmake: *** [Makefile:127: cmTC_821bf/fast] Error 2


File /home/aidanmyles/Desktop/SDL_FileManager/build/CMakeFiles/CMakeTmp/CheckSymbolExists.c:
/* */
#include <sys/auxv.h>

int main(int argc, char** argv)
{
  (void)argv;
#ifndef elf_aux_info
  return ((int*)(&elf_aux_info))[argc];
#else
  (void)argc;
  return 0;
#endif
}
Determining if the posix_spawn_file_actions_addchdir exist failed with the following output:
Change Dir: /home/aidanmyles/Desktop/SDL_FileManager/build/CMakeFiles/CMakeTmp

Run Build Command(s):/usr/bin/gmake -f Makefile cmTC_b9255/fast && /usr/bin/gmake  -f CMakeFiles/cmTC_b9255.dir/build.make CMakeFiles/cmTC_b9255.dir/build
gmake[1]: Entering directory '/home/aidanmyles/Desktop/SDL_FileManager/build/CMakeFiles/CMakeTmp'
Building C object CMakeFiles/cmTC_b9255.dir/CheckSymbolExists.c.o
/usr/bin/cc   -D_GNU_SOURCE=1 -o CMakeFiles/cmTC_b9255.dir/CheckSymbolExists.c.o -c /home/aidanmyles/Desktop/SDL_FileManager/build/CMakeFiles/CMakeTmp/CheckSymbolExists.c
/home/aidanmyles/Desktop/SDL_FileManager/build/CMakeFiles/CMakeTmp/CheckSymbolExists.c: In function ‘main’:
/home/aidanmyles/Desktop/SDL_FileManager/build/CMakeFiles/CMakeTmp/CheckSymbolExists.c:8:19: error: ‘posix_spawn_file_actions_addchdir’ undeclared (first use in this function); did you mean ‘posix_spawn_file_actions_addchdir_np’?
    8 |   return ((int*)(&posix_spawn_file_actions_addchdir))[argc];
      |                   ^~~~~~~~~~~~~~~~~~~~~~~~~~~~~~~~~
      |                   posix_spawn_file_actions_addchdir_np
/home/aidanmyles/Desktop/SDL_FileManager/build/CMakeFiles/CMakeTmp/CheckSymbolExists.c:8:19: note: each undeclared identifier is reported only once for each function it appears in
gmake[1]: *** [CMakeFiles/cmTC_b9255.dir/build.make:78: CMakeFiles/cmTC_b9255.dir/CheckSymbolExists.c.o] Error 1
gmake[1]: Leaving directory '/home/aidanmyles/Desktop/SDL_FileManager/build/CMakeFiles/CMakeTmp'
gmake: *** [Makefile:127: cmTC_b9255/fast] Error 2


File /home/aidanmyles/Desktop/SDL_FileManager/build/CMakeFiles/CMakeTmp/CheckSymbolExists.c:
/* */
#include <spawn.h>

int main(int argc, char** argv)
{
  (void)argv;
#ifndef posix_spawn_file_actions_addchdir
  return ((int*)(&posix_spawn_file_actions_addchdir))[argc];
#else
  (void)argc;
  return 0;
#endif
}
Performing C SOURCE FILE Test ICONV_IN_LIBICONV failed with the following output:
Change Dir: /home/aidanmyles/Desktop/SDL_FileManager/build/CMakeFiles/CMakeTmp

Run Build Command(s):/usr/bin/gmake -f Makefile cmTC_6f45c/fast && /usr/bin/gmake  -f CMakeFiles/cmTC_6f45c.dir/build.make CMakeFiles/cmTC_6f45c.dir/build
gmake[1]: Entering directory '/home/aidanmyles/Desktop/SDL_FileManager/build/CMakeFiles/CMakeTmp'
Building C object CMakeFiles/cmTC_6f45c.dir/src.c.o
/usr/bin/cc -DICONV_IN_LIBICONV  -D_GNU_SOURCE=1 -o CMakeFiles/cmTC_6f45c.dir/src.c.o -c /home/aidanmyles/Desktop/SDL_FileManager/build/CMakeFiles/CMakeTmp/src.c
Linking C executable cmTC_6f45c
/usr/bin/cmake -E cmake_link_script CMakeFiles/cmTC_6f45c.dir/link.txt --verbose=1
/usr/bin/cc   -D_GNU_SOURCE=1 CMakeFiles/cmTC_6f45c.dir/src.c.o -o cmTC_6f45c  -liconv 
/usr/bin/ld: cannot find -liconv: No such file or directory
collect2: error: ld returned 1 exit status
gmake[1]: *** [CMakeFiles/cmTC_6f45c.dir/build.make:99: cmTC_6f45c] Error 1
gmake[1]: Leaving directory '/home/aidanmyles/Desktop/SDL_FileManager/build/CMakeFiles/CMakeTmp'
gmake: *** [Makefile:127: cmTC_6f45c/fast] Error 2


Source file was:

        #include <stddef.h>
        #include <iconv.h>
        int main(int argc, char **argv) {
            return !iconv_open(NULL,NULL);
        }
Determining if the include file libudev.h exists failed with the following output:
Change Dir: /home/aidanmyles/Desktop/SDL_FileManager/build/CMakeFiles/CMakeTmp

Run Build Command(s):/usr/bin/gmake -f Makefile cmTC_dce42/fast && /usr/bin/gmake  -f CMakeFiles/cmTC_dce42.dir/build.make CMakeFiles/cmTC_dce42.dir/build
gmake[1]: Entering directory '/home/aidanmyles/Desktop/SDL_FileManager/build/CMakeFiles/CMakeTmp'
Building C object CMakeFiles/cmTC_dce42.dir/CheckIncludeFile.c.o
/usr/bin/cc   -D_GNU_SOURCE=1 -o CMakeFiles/cmTC_dce42.dir/CheckIncludeFile.c.o -c /home/aidanmyles/Desktop/SDL_FileManager/build/CMakeFiles/CMakeTmp/CheckIncludeFile.c
/home/aidanmyles/Desktop/SDL_FileManager/build/CMakeFiles/CMakeTmp/CheckIncludeFile.c:1:10: fatal error: libudev.h: No such file or directory
    1 | #include <libudev.h>
      |          ^~~~~~~~~~~
compilation terminated.
gmake[1]: *** [CMakeFiles/cmTC_dce42.dir/build.make:78: CMakeFiles/cmTC_dce42.dir/CheckIncludeFile.c.o] Error 1
gmake[1]: Leaving directory '/home/aidanmyles/Desktop/SDL_FileManager/build/CMakeFiles/CMakeTmp'
gmake: *** [Makefile:127: cmTC_dce42/fast] Error 2



Performing C SOURCE FILE Test LIBC_HAS_WORKING_LIBUNWIND failed with the following output:
Change Dir: /home/aidanmyles/Desktop/SDL_FileManager/build/CMakeFiles/CMakeTmp

Run Build Command(s):/usr/bin/gmake -f Makefile cmTC_f78cb/fast && /usr/bin/gmake  -f CMakeFiles/cmTC_f78cb.dir/build.make CMakeFiles/cmTC_f78cb.dir/build
gmake[1]: Entering directory '/home/aidanmyles/Desktop/SDL_FileManager/build/CMakeFiles/CMakeTmp'
Building C object CMakeFiles/cmTC_f78cb.dir/src.c.o
/usr/bin/cc -DLIBC_HAS_WORKING_LIBUNWIND  -D_GNU_SOURCE=1 -o CMakeFiles/cmTC_f78cb.dir/src.c.o -c /home/aidanmyles/Desktop/SDL_FileManager/build/CMakeFiles/CMakeTmp/src.c
/home/aidanmyles/Desktop/SDL_FileManager/build/CMakeFiles/CMakeTmp/src.c:1:16: fatal error: libunwind.h: No such file or directory
    1 |       #include <libunwind.h>
      |                ^~~~~~~~~~~~~
compilation terminated.
gmake[1]: *** [CMakeFiles/cmTC_f78cb.dir/build.make:78: CMakeFiles/cmTC_f78cb.dir/src.c.o] Error 1
gmake[1]: Leaving directory '/home/aidanmyles/Desktop/SDL_FileManager/build/CMakeFiles/CMakeTmp'
gmake: *** [Makefile:127: cmTC_f78cb/fast] Error 2


Source file was:
      #include <libunwind.h>
      int main(int argc, char *argv[]) {
        (void)argc; (void)argv;
        unw_context_t context;
        unw_cursor_t cursor;
        unw_word_t pc;
        char sym[256];
        unw_word_t offset;
        unw_getcontext(&context);
        unw_step(&cursor);
        unw_get_reg(&cursor, UNW_REG_IP, &pc);
        unw_get_proc_name(&cursor, sym, sizeof(sym), &offset);
        return 0;
      }
Performing C SOURCE FILE Test LIBUNWIND_HAS_WORKINGLIBUNWIND failed with the following output:
Change Dir: /home/aidanmyles/Desktop/SDL_FileManager/build/CMakeFiles/CMakeTmp

Run Build Command(s):/usr/bin/gmake -f Makefile cmTC_d3597/fast && /usr/bin/gmake  -f CMakeFiles/cmTC_d3597.dir/build.make CMakeFiles/cmTC_d3597.dir/build
gmake[1]: Entering directory '/home/aidanmyles/Desktop/SDL_FileManager/build/CMakeFiles/CMakeTmp'
Building C object CMakeFiles/cmTC_d3597.dir/src.c.o
/usr/bin/cc -DLIBUNWIND_HAS_WORKINGLIBUNWIND  -D_GNU_SOURCE=1 -o CMakeFiles/cmTC_d3597.dir/src.c.o -c /home/aidanmyles/Desktop/SDL_FileManager/build/CMakeFiles/CMakeTmp/src.c
/home/aidanmyles/Desktop/SDL_FileManager/build/CMakeFiles/CMakeTmp/src.c:1:16: fatal error: libunwind.h: No such file or directory
    1 |       #include <libunwind.h>
      |                ^~~~~~~~~~~~~
compilation terminated.
gmake[1]: *** [CMakeFiles/cmTC_d3597.dir/build.make:78: CMakeFiles/cmTC_d3597.dir/src.c.o] Error 1
gmake[1]: Leaving directory '/home/aidanmyles/Desktop/SDL_FileManager/build/CMakeFiles/CMakeTmp'
gmake: *** [Makefile:127: cmTC_d3597/fast] Error 2


Source file was:
      #include <libunwind.h>
      int main(int argc, char *argv[]) {
        (void)argc; (void)argv;
        unw_context_t context;
        unw_cursor_t cursor;
        unw_word_t pc;
        char sym[256];
        unw_word_t offset;
        unw_getcontext(&context);
        unw_step(&cursor);
        unw_get_reg(&cursor, UNW_REG_IP, &pc);
        unw_get_proc_name(&cursor, sym, sizeof(sym), &offset);
        return 0;
      }
Determining if the include file pthread_np.h exists failed with the following output:
Change Dir: /home/aidanmyles/Desktop/SDL_FileManager/build/CMakeFiles/CMakeTmp

Run Build Command(s):/usr/bin/gmake -f Makefile cmTC_fd36e/fast && /usr/bin/gmake  -f CMakeFiles/cmTC_fd36e.dir/build.make CMakeFiles/cmTC_fd36e.dir/build
gmake[1]: Entering directory '/home/aidanmyles/Desktop/SDL_FileManager/build/CMakeFiles/CMakeTmp'
Building C object CMakeFiles/cmTC_fd36e.dir/CheckIncludeFile.c.o
/usr/bin/cc   -D_GNU_SOURCE=1 -D_REENTRANT -pthread -o CMakeFiles/cmTC_fd36e.dir/CheckIncludeFile.c.o -c /home/aidanmyles/Desktop/SDL_FileManager/build/CMakeFiles/CMakeTmp/CheckIncludeFile.c
/home/aidanmyles/Desktop/SDL_FileManager/build/CMakeFiles/CMakeTmp/CheckIncludeFile.c:1:10: fatal error: pthread_np.h: No such file or directory
    1 | #include <pthread_np.h>
      |          ^~~~~~~~~~~~~~
compilation terminated.
gmake[1]: *** [CMakeFiles/cmTC_fd36e.dir/build.make:78: CMakeFiles/cmTC_fd36e.dir/CheckIncludeFile.c.o] Error 1
gmake[1]: Leaving directory '/home/aidanmyles/Desktop/SDL_FileManager/build/CMakeFiles/CMakeTmp'
gmake: *** [Makefile:127: cmTC_fd36e/fast] Error 2



